<?xml version="1.0" encoding="UTF-8"?>
<!-- Generated by org.testng.reporters.JUnitXMLReporter -->
<testsuite hostname="Mis-MacBook-Pro.local" failures="0" tests="8" name="Surefire test" time="0.079" errors="0" timestamp="9 Dec 2023 14:07:38 GMT">
  <testcase classname="test.com.itexps.BankTest" name="can_testDefaultContractor" time="0.014"/>
  <testcase classname="test.com.itexps.BankTest" name="can_testGetId" time="0.002"/>
  <testcase classname="test.com.itexps.BankTest" name="can_testGetName" time="0.001"/>
  <testcase classname="test.com.itexps.BankTest" name="can_testGetPhone" time="0.0"/>
  <testcase classname="test.com.itexps.BankTest" name="can_testGetWebUrl" time="0.001"/>
  <testcase classname="test.com.itexps.BankTest" name="can_testToString" time="0.019"/>
  <testcase classname="test.com.itexps.BankTest" name="testCustomer" time="0.003"/>
  <testcase classname="test.com.itexps.BankTest" name="testEmployee" time="0.002"/>
</testsuite> <!-- Surefire test -->
