<?xml version="1.0" encoding="UTF-8"?>
<testsuite xmlns:xsi="http://www.w3.org/2001/XMLSchema-instance" xsi:noNamespaceSchemaLocation="https://maven.apache.org/surefire/maven-surefire-plugin/xsd/surefire-test-report-3.0.xsd" version="3.0" name="TestSuite" time="1.25" tests="73" errors="0" skipped="0" failures="0">
  <properties>
[...]
</properties>
  <testcase name="can_getInsuranceNo" classname="test.com.itexps.FullTimeEmployeeTest" time="0.007"/>
  <testcase name="can_getbenefit" classname="test.com.itexps.FullTimeEmployeeTest" time="0.0"/>
  <testcase name="can_testContractor" classname="test.com.itexps.FullTimeEmployeeTest" time="0.0"/>
  <testcase name="can_testToString" classname="test.com.itexps.FullTimeEmployeeTest" time="0.022"/>
  <testcase name="can_getAccountNumber" classname="test.com.itexps.CheckingAccountTest" time="0.002"/>
  <testcase name="can_getBalance" classname="test.com.itexps.CheckingAccountTest" time="0.001"/>
  <testcase name="can_getCAC" classname="test.com.itexps.CheckingAccountTest" time="0.0"/>
  <testcase name="can_testDefaultContractor" classname="test.com.itexps.CheckingAccountTest" time="0.0"/>
  <testcase name="can_testDeposit" classname="test.com.itexps.CheckingAccountTest" time="0.001"/>
  <testcase name="can_testInterestRate" classname="test.com.itexps.CheckingAccountTest" time="0.0"/>
  <testcase name="can_testToString" classname="test.com.itexps.CheckingAccountTest" time="0.006"/>
  <testcase name="can_testWithdraw" classname="test.com.itexps.CheckingAccountTest" time="0.001"/>
  <testcase name="can_getContractType" classname="test.com.itexps.PartTimeEmployeeTest" time="0.001"/>
  <testcase name="can_getHoursPerWeek" classname="test.com.itexps.PartTimeEmployeeTest" time="0.0"/>
  <testcase name="can_getRate" classname="test.com.itexps.PartTimeEmployeeTest" time="0.003"/>
  <testcase name="can_testContractor" classname="test.com.itexps.PartTimeEmployeeTest" time="0.0"/>
  <testcase name="can_testToString" classname="test.com.itexps.PartTimeEmployeeTest" time="0.011"/>
  <testcase name="can_getAccountNumber" classname="test.com.itexps.SavingAccountTest" time="0.001"/>
  <testcase name="can_getBalance" classname="test.com.itexps.SavingAccountTest" time="0.0"/>
  <testcase name="can_getSAC" classname="test.com.itexps.SavingAccountTest" time="0.001"/>
  <testcase name="can_testDefaultContractor" classname="test.com.itexps.SavingAccountTest" time="0.0"/>
  <testcase name="can_testDeposit" classname="test.com.itexps.SavingAccountTest" time="0.0"/>
  <testcase name="can_testInterestRate" classname="test.com.itexps.SavingAccountTest" time="0.0"/>
  <testcase name="can_testToString" classname="test.com.itexps.SavingAccountTest" time="0.001"/>
  <testcase name="can_testWithdraw" classname="test.com.itexps.SavingAccountTest" time="0.0"/>
  <testcase name="can_testContractor" classname="test.com.itexps.BusinessCustomerTest" time="0.001"/>
  <testcase name="can_testGetId" classname="test.com.itexps.BusinessCustomerTest" time="0.001"/>
  <testcase name="can_testToString" classname="test.com.itexps.BusinessCustomerTest" time="0.003"/>
  <testcase name="can_testContractor" classname="test.com.itexps.IndividualCustomerTest" time="0.0"/>
  <testcase name="can_testGetId" classname="test.com.itexps.IndividualCustomerTest" time="0.0"/>
  <testcase name="can_testToString" classname="test.com.itexps.IndividualCustomerTest" time="0.0"/>
  <testcase name="testGetAccountNumber" classname="test.com.itexps.AccountTest" time="0.0"/>
  <testcase name="can_getEid" classname="test.com.itexps.EmployeeTest" time="0.001"/>
  <testcase name="can_getEmail" classname="test.com.itexps.EmployeeTest" time="0.0"/>
  <testcase name="can_getFirst" classname="test.com.itexps.EmployeeTest" time="0.001"/>
  <testcase name="can_getLast" classname="test.com.itexps.EmployeeTest" time="0.0"/>
  <testcase name="can_getPhone" classname="test.com.itexps.EmployeeTest" time="0.0"/>
  <testcase name="can_getSSN" classname="test.com.itexps.EmployeeTest" time="0.0"/>
  <testcase name="can_getType" classname="test.com.itexps.EmployeeTest" time="0.001"/>
  <testcase name="can_testContractor" classname="test.com.itexps.EmployeeTest" time="0.003"/>
  <testcase name="can_testToString" classname="test.com.itexps.EmployeeTest" time="0.009"/>
  <testcase name="can_TestToString" classname="test.com.itexps.CustomerTest" time="0.001"/>
  <testcase name="can_testDefaultContractor" classname="test.com.itexps.CustomerTest" time="0.0"/>
  <testcase name="can_testGetEmail" classname="test.com.itexps.CustomerTest" time="0.0"/>
  <testcase name="can_testGetFirst" classname="test.com.itexps.CustomerTest" time="0.001"/>
  <testcase name="can_testGetId" classname="test.com.itexps.CustomerTest" time="0.0"/>
  <testcase name="can_testGetLast" classname="test.com.itexps.CustomerTest" time="0.0"/>
  <testcase name="can_testGetPhone" classname="test.com.itexps.CustomerTest" time="0.0"/>
  <testcase name="testCustomerAccounts" classname="test.com.itexps.CustomerTest" time="0.0"/>
  <testcase name="can_testDefaultContractor" classname="test.com.itexps.BankTest" time="0.0"/>
  <testcase name="can_testGetId" classname="test.com.itexps.BankTest" time="0.001"/>
  <testcase name="can_testGetName" classname="test.com.itexps.BankTest" time="0.0"/>
  <testcase name="can_testGetPhone" classname="test.com.itexps.BankTest" time="0.0"/>
  <testcase name="can_testGetWebUrl" classname="test.com.itexps.BankTest" time="0.0"/>
  <testcase name="can_testToString" classname="test.com.itexps.BankTest" time="0.001"/>
  <testcase name="testCustomer" classname="test.com.itexps.BankTest" time="0.001"/>
  <testcase name="testEmployee" classname="test.com.itexps.BankTest" time="0.001"/>
  <testcase name="testAddBusinessCustomer" classname="test.com.itexps.MyBankTest" time="0.01"/>
  <testcase name="testAddCheckingAccount" classname="test.com.itexps.MyBankTest" time="0.002"/>
  <testcase name="testAddFullTimeEmployeeDetails" classname="test.com.itexps.MyBankTest" time="0.006"/>
  <testcase name="testAddIndividualCustomer" classname="test.com.itexps.MyBankTest" time="0.002"/>
  <testcase name="testAddPartTimeEmployeeDetails" classname="test.com.itexps.MyBankTest" time="0.011"/>
  <testcase name="testAddSavingAccount" classname="test.com.itexps.MyBankTest" time="0.008"/>
  <testcase name="testDefaultConstructor" classname="test.com.itexps.MyBankTest" time="0.004"/>
  <testcase name="testMainMethod" classname="test.com.itexps.MyBankTest" time="0.003"/>
  <testcase name="testSaveCustomerAccount" classname="test.com.itexps.MyBankTest" time="0.021"/>
  <testcase name="testSaveEmployee" classname="test.com.itexps.MyBankTest" time="0.004"/>
  <testcase name="testSearchCustomer" classname="test.com.itexps.MyBankTest" time="0.002"/>
  <testcase name="testSearchEmployee" classname="test.com.itexps.MyBankTest" time="0.0"/>
  <testcase name="testViewAllAccounts" classname="test.com.itexps.MyBankTest" time="0.008"/>
  <testcase name="testViewAllCustomers" classname="test.com.itexps.MyBankTest" time="0.001"/>
  <testcase name="testViewAllEmployees" classname="test.com.itexps.MyBankTest" time="0.002"/>
  <testcase name="testViewAllEmployees_Fail" classname="test.com.itexps.MyBankTest" time="0.002"/>
</testsuite>