<?xml version="1.0" encoding="UTF-8"?>
<testng-results total="8" passed="8" failed="0" skipped="0">
  <reporter-output>
  </reporter-output>
  <suite started-at="2023-12-09T14:07:38Z" name="Surefire suite" finished-at="2023-12-09T14:07:38Z" duration-ms="79">
    <groups>
    </groups>
    <test started-at="2023-12-09T14:07:38Z" name="Surefire test" finished-at="2023-12-09T14:07:38Z" duration-ms="79">
      <class name="test.com.itexps.BankTest">
        <test-method is-config="true" signature="setUpClass()[pri:0, instance:test.com.itexps.BankTest@7d286fb6]" started-at="2023-12-09T08:07:38Z" name="setUpClass" finished-at="2023-12-09T08:07:38Z" duration-ms="10" status="PASS">
          <reporter-output>
          </reporter-output>
        </test-method> <!-- setUpClass -->
        <test-method is-config="true" signature="setUpMethod()[pri:0, instance:test.com.itexps.BankTest@7d286fb6]" started-at="2023-12-09T08:07:38Z" name="setUpMethod" finished-at="2023-12-09T08:07:38Z" duration-ms="7" status="PASS">
          <reporter-output>
          </reporter-output>
        </test-method> <!-- setUpMethod -->
        <test-method signature="can_testDefaultContractor()[pri:0, instance:test.com.itexps.BankTest@7d286fb6]" started-at="2023-12-09T08:07:38Z" name="can_testDefaultContractor" finished-at="2023-12-09T08:07:38Z" duration-ms="14" status="PASS">
          <reporter-output>
          </reporter-output>
        </test-method> <!-- can_testDefaultContractor -->
        <test-method is-config="true" signature="tearDownMethod()[pri:0, instance:test.com.itexps.BankTest@7d286fb6]" started-at="2023-12-09T08:07:38Z" name="tearDownMethod" finished-at="2023-12-09T08:07:38Z" duration-ms="1" status="PASS">
          <reporter-output>
          </reporter-output>
        </test-method> <!-- tearDownMethod -->
        <test-method signature="can_testGetId()[pri:0, instance:test.com.itexps.BankTest@7d286fb6]" started-at="2023-12-09T08:07:38Z" name="can_testGetId" finished-at="2023-12-09T08:07:38Z" duration-ms="2" status="PASS">
          <reporter-output>
          </reporter-output>
        </test-method> <!-- can_testGetId -->
        <test-method is-config="true" signature="setUpMethod()[pri:0, instance:test.com.itexps.BankTest@7d286fb6]" started-at="2023-12-09T08:07:38Z" name="setUpMethod" finished-at="2023-12-09T08:07:38Z" duration-ms="0" status="PASS">
          <reporter-output>
          </reporter-output>
        </test-method> <!-- setUpMethod -->
        <test-method signature="can_testGetName()[pri:0, instance:test.com.itexps.BankTest@7d286fb6]" started-at="2023-12-09T08:07:38Z" name="can_testGetName" finished-at="2023-12-09T08:07:38Z" duration-ms="1" status="PASS">
          <reporter-output>
          </reporter-output>
        </test-method> <!-- can_testGetName -->
        <test-method is-config="true" signature="tearDownMethod()[pri:0, instance:test.com.itexps.BankTest@7d286fb6]" started-at="2023-12-09T08:07:38Z" name="tearDownMethod" finished-at="2023-12-09T08:07:38Z" duration-ms="0" status="PASS">
          <reporter-output>
          </reporter-output>
        </test-method> <!-- tearDownMethod -->
        <test-method is-config="true" signature="setUpMethod()[pri:0, instance:test.com.itexps.BankTest@7d286fb6]" started-at="2023-12-09T08:07:38Z" name="setUpMethod" finished-at="2023-12-09T08:07:38Z" duration-ms="0" status="PASS">
          <reporter-output>
          </reporter-output>
        </test-method> <!-- setUpMethod -->
        <test-method is-config="true" signature="tearDownMethod()[pri:0, instance:test.com.itexps.BankTest@7d286fb6]" started-at="2023-12-09T08:07:38Z" name="tearDownMethod" finished-at="2023-12-09T08:07:38Z" duration-ms="0" status="PASS">
          <reporter-output>
          </reporter-output>
        </test-method> <!-- tearDownMethod -->
        <test-method is-config="true" signature="setUpMethod()[pri:0, instance:test.com.itexps.BankTest@7d286fb6]" started-at="2023-12-09T08:07:38Z" name="setUpMethod" finished-at="2023-12-09T08:07:38Z" duration-ms="1" status="PASS">
          <reporter-output>
          </reporter-output>
        </test-method> <!-- setUpMethod -->
        <test-method is-config="true" signature="tearDownMethod()[pri:0, instance:test.com.itexps.BankTest@7d286fb6]" started-at="2023-12-09T08:07:38Z" name="tearDownMethod" finished-at="2023-12-09T08:07:38Z" duration-ms="0" status="PASS">
          <reporter-output>
          </reporter-output>
        </test-method> <!-- tearDownMethod -->
        <test-method signature="can_testGetPhone()[pri:0, instance:test.com.itexps.BankTest@7d286fb6]" started-at="2023-12-09T08:07:38Z" name="can_testGetPhone" finished-at="2023-12-09T08:07:38Z" duration-ms="0" status="PASS">
          <reporter-output>
          </reporter-output>
        </test-method> <!-- can_testGetPhone -->
        <test-method is-config="true" signature="setUpMethod()[pri:0, instance:test.com.itexps.BankTest@7d286fb6]" started-at="2023-12-09T08:07:38Z" name="setUpMethod" finished-at="2023-12-09T08:07:38Z" duration-ms="0" status="PASS">
          <reporter-output>
          </reporter-output>
        </test-method> <!-- setUpMethod -->
        <test-method signature="can_testGetWebUrl()[pri:0, instance:test.com.itexps.BankTest@7d286fb6]" started-at="2023-12-09T08:07:38Z" name="can_testGetWebUrl" finished-at="2023-12-09T08:07:38Z" duration-ms="1" status="PASS">
          <reporter-output>
          </reporter-output>
        </test-method> <!-- can_testGetWebUrl -->
        <test-method is-config="true" signature="tearDownMethod()[pri:0, instance:test.com.itexps.BankTest@7d286fb6]" started-at="2023-12-09T08:07:38Z" name="tearDownMethod" finished-at="2023-12-09T08:07:38Z" duration-ms="1" status="PASS">
          <reporter-output>
          </reporter-output>
        </test-method> <!-- tearDownMethod -->
        <test-method is-config="true" signature="setUpMethod()[pri:0, instance:test.com.itexps.BankTest@7d286fb6]" started-at="2023-12-09T08:07:38Z" name="setUpMethod" finished-at="2023-12-09T08:07:38Z" duration-ms="1" status="PASS">
          <reporter-output>
          </reporter-output>
        </test-method> <!-- setUpMethod -->
        <test-method signature="can_testToString()[pri:0, instance:test.com.itexps.BankTest@7d286fb6]" started-at="2023-12-09T08:07:38Z" name="can_testToString" finished-at="2023-12-09T08:07:38Z" duration-ms="19" status="PASS">
          <reporter-output>
          </reporter-output>
        </test-method> <!-- can_testToString -->
        <test-method is-config="true" signature="tearDownMethod()[pri:0, instance:test.com.itexps.BankTest@7d286fb6]" started-at="2023-12-09T08:07:38Z" name="tearDownMethod" finished-at="2023-12-09T08:07:38Z" duration-ms="1" status="PASS">
          <reporter-output>
          </reporter-output>
        </test-method> <!-- tearDownMethod -->
        <test-method signature="testCustomer()[pri:0, instance:test.com.itexps.BankTest@7d286fb6]" started-at="2023-12-09T08:07:38Z" name="testCustomer" finished-at="2023-12-09T08:07:38Z" duration-ms="3" status="PASS">
          <reporter-output>
          </reporter-output>
        </test-method> <!-- testCustomer -->
        <test-method is-config="true" signature="setUpMethod()[pri:0, instance:test.com.itexps.BankTest@7d286fb6]" started-at="2023-12-09T08:07:38Z" name="setUpMethod" finished-at="2023-12-09T08:07:38Z" duration-ms="0" status="PASS">
          <reporter-output>
          </reporter-output>
        </test-method> <!-- setUpMethod -->
        <test-method is-config="true" signature="tearDownMethod()[pri:0, instance:test.com.itexps.BankTest@7d286fb6]" started-at="2023-12-09T08:07:38Z" name="tearDownMethod" finished-at="2023-12-09T08:07:38Z" duration-ms="0" status="PASS">
          <reporter-output>
          </reporter-output>
        </test-method> <!-- tearDownMethod -->
        <test-method is-config="true" signature="setUpMethod()[pri:0, instance:test.com.itexps.BankTest@7d286fb6]" started-at="2023-12-09T08:07:38Z" name="setUpMethod" finished-at="2023-12-09T08:07:38Z" duration-ms="0" status="PASS">
          <reporter-output>
          </reporter-output>
        </test-method> <!-- setUpMethod -->
        <test-method signature="testEmployee()[pri:0, instance:test.com.itexps.BankTest@7d286fb6]" started-at="2023-12-09T08:07:38Z" name="testEmployee" finished-at="2023-12-09T08:07:38Z" duration-ms="2" status="PASS">
          <reporter-output>
          </reporter-output>
        </test-method> <!-- testEmployee -->
        <test-method is-config="true" signature="tearDownMethod()[pri:0, instance:test.com.itexps.BankTest@7d286fb6]" started-at="2023-12-09T08:07:38Z" name="tearDownMethod" finished-at="2023-12-09T08:07:38Z" duration-ms="0" status="PASS">
          <reporter-output>
          </reporter-output>
        </test-method> <!-- tearDownMethod -->
        <test-method is-config="true" signature="tearDownClass()[pri:0, instance:test.com.itexps.BankTest@7d286fb6]" started-at="2023-12-09T08:07:38Z" name="tearDownClass" finished-at="2023-12-09T08:07:38Z" duration-ms="0" status="PASS">
          <reporter-output>
          </reporter-output>
        </test-method> <!-- tearDownClass -->
      </class> <!-- test.com.itexps.BankTest -->
    </test> <!-- Surefire test -->
  </suite> <!-- Surefire suite -->
</testng-results>
