<?xml version="1.0" encoding="UTF-8"?>
<testsuite xmlns:xsi="http://www.w3.org/2001/XMLSchema-instance" xsi:noNamespaceSchemaLocation="https://maven.apache.org/surefire/maven-surefire-plugin/xsd/surefire-test-report-3.0.xsd" version="3.0" name="test.com.itexps.PartTimeEmployeeTest" time="0.55" tests="4" errors="0" skipped="0" failures="0">
  <properties>
[...]
</properties>
  <testcase name="can_getContractType" classname="test.com.itexps.PartTimeEmployeeTest" time="0.006"/>
  <testcase name="can_getHoursPerWeek" classname="test.com.itexps.PartTimeEmployeeTest" time="0.0"/>
  <testcase name="can_getRate" classname="test.com.itexps.PartTimeEmployeeTest" time="0.0"/>
  <testcase name="can_testContractor" classname="test.com.itexps.PartTimeEmployeeTest" time="0.0"/>
</testsuite>